#
# There is insufficient memory for the Java Runtime Environment to continue.
# Native memory allocation (malloc) failed to allocate 32784 bytes for Chunk::new
# Possible reasons:
#   The system is out of physical RAM or swap space
#   The process is running with CompressedOops enabled, and the Java Heap may be blocking the growth of the native heap
# Possible solutions:
#   Reduce memory load on the system
#   Increase physical memory or swap space
#   Check if swap backing store is full
#   Decrease Java heap size (-Xmx/-Xms)
#   Decrease number of Java threads
#   Decrease Java thread stack sizes (-Xss)
#   Set larger code cache with -XX:ReservedCodeCacheSize=
#   JVM is running with Unscaled Compressed Oops mode in which the Java heap is
#     placed in the first 4GB address space. The Java Heap base address is the
#     maximum limit for the native heap growth. Please use -XX:HeapBaseMinAddress
#     to set the Java Heap base and to place the Java Heap above 4GB virtual address.
# This output file may be truncated or incomplete.
#
#  Out of Memory Error (allocation.cpp:389), pid=3256, tid=0x00000000000002a0
#
# JRE version: OpenJDK Runtime Environment (8.0_242-b01) (build 1.8.0_242-release-1644-b01)
# Java VM: OpenJDK 64-Bit Server VM (25.242-b01 mixed mode windows-amd64 compressed oops)
# Failed to write core dump. Minidumps are not enabled by default on client versions of Windows
#

---------------  T H R E A D  ---------------

Current thread (0x000000001a312000):  JavaThread "C2 CompilerThread1" daemon [_thread_in_native, id=672, stack(0x000000001ac10000,0x000000001ad10000)]

Stack: [0x000000001ac10000,0x000000001ad10000]
[error occurred during error reporting (printing stack bounds), id 0xc0000005]

Native frames: (J=compiled Java code, j=interpreted, Vv=VM code, C=native code)


Current CompileTask:
C2: 126112 21962       4       com.android.builder.packaging.JarMerger::write (51 bytes)


---------------  P R O C E S S  ---------------

Java Threads: ( => current thread )
  0x0000000025eae800 JavaThread "WorkerExecutor Queue Thread 10" [_thread_blocked, id=2608, stack(0x00000000313e0000,0x00000000314e0000)]
  0x0000000025eb4800 JavaThread "WorkerExecutor Queue Thread 9" [_thread_blocked, id=14984, stack(0x00000000012f0000,0x00000000013f0000)]
  0x0000000025eb3800 JavaThread "stdout" [_thread_in_native, id=1820, stack(0x00000000331d0000,0x00000000332d0000)]
  0x0000000025eb5000 JavaThread "stderr" [_thread_in_native, id=14516, stack(0x00000000330d0000,0x00000000331d0000)]
  0x0000000025ead800 JavaThread "stdout" [_thread_in_native, id=12996, stack(0x0000000032fd0000,0x00000000330d0000)]
  0x000000002e354000 JavaThread "stderr" [_thread_in_native, id=456, stack(0x0000000032ed0000,0x0000000032fd0000)]
  0x000000002e350000 JavaThread "stdout" [_thread_in_native, id=14628, stack(0x0000000032dd0000,0x0000000032ed0000)]
  0x000000002e352800 JavaThread "stderr" [_thread_in_native, id=4908, stack(0x0000000032cd0000,0x0000000032dd0000)]
  0x000000002e34f800 JavaThread "stdout" [_thread_in_native, id=3024, stack(0x0000000032bd0000,0x0000000032cd0000)]
  0x000000002e351000 JavaThread "stderr" [_thread_in_native, id=12964, stack(0x0000000032ad0000,0x0000000032bd0000)]
  0x000000002e353000 JavaThread "stdout" [_thread_in_native, id=9064, stack(0x0000000032880000,0x0000000032980000)]
  0x000000002e355800 JavaThread "stderr" [_thread_in_native, id=2428, stack(0x0000000032780000,0x0000000032880000)]
  0x000000002e351800 JavaThread "stdout" [_thread_in_native, id=10204, stack(0x0000000032570000,0x0000000032670000)]
  0x000000002e34e000 JavaThread "stderr" [_thread_in_native, id=1080, stack(0x0000000032470000,0x0000000032570000)]
  0x000000002e354800 JavaThread "stdout" [_thread_in_native, id=12684, stack(0x0000000032370000,0x0000000032470000)]
  0x000000002e34b800 JavaThread "stderr" [_thread_in_native, id=3624, stack(0x0000000032270000,0x0000000032370000)]
  0x000000002e347800 JavaThread "stdout" [_thread_in_native, id=6212, stack(0x0000000031f50000,0x0000000032050000)]
  0x000000002e34b000 JavaThread "stderr" [_thread_in_native, id=14452, stack(0x0000000031bf0000,0x0000000031cf0000)]
  0x000000002e34e800 JavaThread "pool-4-thread-1" [_thread_blocked, id=1476, stack(0x0000000031af0000,0x0000000031bf0000)]
  0x000000002e346000 JavaThread "MarlinRenderer Disposer" daemon [_thread_blocked, id=14700, stack(0x00000000319f0000,0x0000000031af0000)]
  0x000000002e34a000 JavaThread "Java2D Disposer" daemon [_thread_blocked, id=8292, stack(0x00000000317e0000,0x00000000318e0000)]
  0x000000002e347000 JavaThread "WorkerExecutor Queue Thread 6" [_thread_blocked, id=14536, stack(0x00000000312e0000,0x00000000313e0000)]
  0x000000002e348800 JavaThread "WorkerExecutor Queue Thread 5" [_thread_blocked, id=6608, stack(0x00000000311e0000,0x00000000312e0000)]
  0x000000001a324800 JavaThread "WorkerExecutor Queue Thread 4" [_thread_blocked, id=5992, stack(0x00000000310e0000,0x00000000311e0000)]
  0x0000000025711800 JavaThread "WorkerExecutor Queue Thread 3" [_thread_blocked, id=14460, stack(0x0000000030fe0000,0x00000000310e0000)]
  0x0000000025710800 JavaThread "WorkerExecutor Queue Thread 2" [_thread_blocked, id=4304, stack(0x0000000030ee0000,0x0000000030fe0000)]
  0x000000001d427800 JavaThread "WorkerExecutor Queue" [_thread_blocked, id=9416, stack(0x0000000030de0000,0x0000000030ee0000)]
  0x000000001d425000 JavaThread "Cache worker for execution history cache (C:\AndroidProject\Android_PoGeun-master\.gradle\6.5\executionHistory)" [_thread_blocked, id=1848, stack(0x0000000030ae0000,0x0000000030be0000)]
  0x000000001d424800 JavaThread "Execution worker for ':' Thread 7" [_thread_blocked, id=5664, stack(0x00000000309e0000,0x0000000030ae0000)]
  0x000000001d428000 JavaThread "Execution worker for ':' Thread 6" [_thread_blocked, id=15356, stack(0x00000000308e0000,0x00000000309e0000)]
  0x000000001d422800 JavaThread "Execution worker for ':' Thread 5" [_thread_blocked, id=5396, stack(0x00000000307e0000,0x00000000308e0000)]
  0x000000001d423800 JavaThread "Execution worker for ':' Thread 4" [_thread_blocked, id=14436, stack(0x00000000306e0000,0x00000000307e0000)]
  0x000000001f96f800 JavaThread "Execution worker for ':' Thread 3" [_thread_blocked, id=14484, stack(0x00000000305e0000,0x00000000306e0000)]
  0x000000001f976000 JavaThread "Execution worker for ':' Thread 2" [_thread_blocked, id=13384, stack(0x00000000304e0000,0x00000000305e0000)]
  0x000000001f975800 JavaThread "Execution worker for ':'" [_thread_blocked, id=14372, stack(0x00000000303e0000,0x00000000304e0000)]
  0x000000001f974800 JavaThread "Cache worker for file content cache (C:\AndroidProject\Android_PoGeun-master\.gradle\6.5\fileContent)" [_thread_blocked, id=12712, stack(0x000000002d350000,0x000000002d450000)]
  0x000000001f96e800 JavaThread "Cache worker for Build Output Cleanup Cache (C:\AndroidProject\Android_PoGeun-master\.gradle\buildOutputCleanup)" [_thread_blocked, id=10096, stack(0x0000000026ba0000,0x0000000026ca0000)]
  0x000000001f973000 JavaThread "Build operations Thread 8" [_thread_blocked, id=2100, stack(0x0000000026aa0000,0x0000000026ba0000)]
  0x000000001d52c800 JavaThread "Build operations Thread 7" [_thread_in_Java, id=8784, stack(0x00000000269a0000,0x0000000026aa0000)]
  0x000000001d52c000 JavaThread "Build operations Thread 6" [_thread_in_native, id=14540, stack(0x00000000268a0000,0x00000000269a0000)]
  0x000000001d528000 JavaThread "Build operations Thread 5" [_thread_in_native, id=2388, stack(0x00000000267a0000,0x00000000268a0000)]
  0x000000001d529000 JavaThread "Build operations Thread 4" [_thread_in_native, id=6332, stack(0x00000000266a0000,0x00000000267a0000)]
  0x000000001d52b000 JavaThread "Build operations Thread 3" [_thread_blocked, id=6600, stack(0x0000000026310000,0x0000000026410000)]
  0x000000001d52a800 JavaThread "Build operations Thread 2" [_thread_in_native, id=14532, stack(0x0000000024f70000,0x0000000025070000)]
  0x000000001d52d800 JavaThread "Build operations" [_thread_in_Java, id=8792, stack(0x0000000023c00000,0x0000000023d00000)]
  0x000000001d529800 JavaThread "Cache worker for cache directory md-rule (C:\Users\tekke\.gradle\caches\6.5\md-rule)" [_thread_blocked, id=14616, stack(0x0000000022d00000,0x0000000022e00000)]
  0x000000001d520800 JavaThread "Cache worker for cache directory md-supplier (C:\Users\tekke\.gradle\caches\6.5\md-supplier)" [_thread_blocked, id=12496, stack(0x0000000022c00000,0x0000000022d00000)]
  0x000000001d527800 JavaThread "Cache worker for checksums cache (C:\AndroidProject\Android_PoGeun-master\.gradle\checksums)" [_thread_blocked, id=14176, stack(0x0000000022b00000,0x0000000022c00000)]
  0x000000001d522000 JavaThread "Cache worker for file hash cache (C:\AndroidProject\Android_PoGeun-master\.gradle\6.5\fileHashes)" [_thread_blocked, id=8580, stack(0x0000000020280000,0x0000000020380000)]
  0x000000001d526800 JavaThread "Thread-134" [_thread_blocked, id=9404, stack(0x000000001e8b0000,0x000000001e9b0000)]
  0x000000001d523800 JavaThread "Stdin handler" [_thread_blocked, id=4032, stack(0x000000001e4b0000,0x000000001e5b0000)]
  0x000000001d51f000 JavaThread "Asynchronous log dispatcher for DefaultDaemonConnection: socket connection from /127.0.0.1:9914 to /127.0.0.1:9937" [_thread_blocked, id=6676, stack(0x000000001e3b0000,0x000000001e4b0000)]
  0x000000001d524800 JavaThread "Cancel handler" [_thread_blocked, id=13216, stack(0x00000000014f0000,0x00000000015f0000)]
  0x000000001d523000 JavaThread "Handler for socket connection from /127.0.0.1:9914 to /127.0.0.1:9937" [_thread_in_native, id=9280, stack(0x00000000013f0000,0x00000000014f0000)]
  0x000000001d525000 JavaThread "Memory manager" [_thread_blocked, id=14728, stack(0x000000002c4a0000,0x000000002c5a0000)]
  0x000000001d422000 JavaThread "jar transforms Thread 94" [_thread_blocked, id=14240, stack(0x000000002b5a0000,0x000000002b6a0000)]
  0x000000001d426800 JavaThread "jar transforms Thread 93" [_thread_blocked, id=1012, stack(0x000000002b4a0000,0x000000002b5a0000)]
  0x000000001d429000 JavaThread "jar transforms Thread 92" [_thread_blocked, id=3720, stack(0x000000002b3a0000,0x000000002b4a0000)]
  0x000000001d426000 JavaThread "jar transforms Thread 91" [_thread_blocked, id=15312, stack(0x000000002b2a0000,0x000000002b3a0000)]
  0x000000001d41d800 JavaThread "jar transforms Thread 90" [_thread_blocked, id=9276, stack(0x000000002b1a0000,0x000000002b2a0000)]
  0x000000001d420800 JavaThread "jar transforms Thread 89" [_thread_blocked, id=1948, stack(0x000000002b0a0000,0x000000002b1a0000)]
  0x000000001d41c000 JavaThread "jar transforms Thread 88" [_thread_blocked, id=2096, stack(0x000000002afa0000,0x000000002b0a0000)]
  0x000000001d41a800 JavaThread "jar transforms Thread 87" [_thread_blocked, id=6356, stack(0x000000002aea0000,0x000000002afa0000)]
  0x000000001d421000 JavaThread "jar transforms Thread 86" [_thread_blocked, id=4968, stack(0x000000002ada0000,0x000000002aea0000)]
  0x000000001d41c800 JavaThread "jar transforms Thread 85" [_thread_blocked, id=2000, stack(0x000000002aca0000,0x000000002ada0000)]
  0x000000001d41b000 JavaThread "jar transforms Thread 84" [_thread_blocked, id=15140, stack(0x000000002aba0000,0x000000002aca0000)]
  0x000000001d41f800 JavaThread "jar transforms Thread 83" [_thread_blocked, id=14848, stack(0x000000002aaa0000,0x000000002aba0000)]
  0x000000001d41e000 JavaThread "jar transforms Thread 82" [_thread_blocked, id=14188, stack(0x000000002a9a0000,0x000000002aaa0000)]
  0x000000001d41f000 JavaThread "jar transforms Thread 81" [_thread_blocked, id=3500, stack(0x000000002a8a0000,0x000000002a9a0000)]
  0x000000001d419800 JavaThread "jar transforms Thread 80" [_thread_blocked, id=4604, stack(0x000000002a7a0000,0x000000002a8a0000)]
  0x000000001b74c000 JavaThread "jar transforms Thread 79" [_thread_blocked, id=14844, stack(0x000000002a6a0000,0x000000002a7a0000)]
  0x000000001b74b800 JavaThread "jar transforms Thread 78" [_thread_blocked, id=14740, stack(0x000000002a5a0000,0x000000002a6a0000)]
  0x000000001b74a800 JavaThread "jar transforms Thread 77" [_thread_blocked, id=15104, stack(0x000000002a4a0000,0x000000002a5a0000)]
  0x000000001b74a000 JavaThread "jar transforms Thread 76" [_thread_blocked, id=13884, stack(0x000000002a3a0000,0x000000002a4a0000)]
  0x000000001b749000 JavaThread "jar transforms Thread 75" [_thread_blocked, id=13708, stack(0x000000002a2a0000,0x000000002a3a0000)]
  0x000000001b748800 JavaThread "jar transforms Thread 74" [_thread_blocked, id=13820, stack(0x000000002a1a0000,0x000000002a2a0000)]
  0x000000001b747800 JavaThread "jar transforms Thread 73" [_thread_blocked, id=14160, stack(0x000000002a0a0000,0x000000002a1a0000)]
  0x000000001b747000 JavaThread "jar transforms Thread 72" [_thread_blocked, id=7876, stack(0x0000000029fa0000,0x000000002a0a0000)]
  0x000000001b73f800 JavaThread "jar transforms Thread 71" [_thread_blocked, id=14136, stack(0x0000000029ea0000,0x0000000029fa0000)]
  0x000000001b746000 JavaThread "jar transforms Thread 70" [_thread_blocked, id=8932, stack(0x0000000029da0000,0x0000000029ea0000)]
  0x000000001b745800 JavaThread "jar transforms Thread 69" [_thread_blocked, id=13640, stack(0x0000000029ca0000,0x0000000029da0000)]
  0x000000001b73e000 JavaThread "jar transforms Thread 68" [_thread_blocked, id=11668, stack(0x0000000029ba0000,0x0000000029ca0000)]
  0x000000001b744800 JavaThread "jar transforms Thread 67" [_thread_blocked, id=684, stack(0x0000000029aa0000,0x0000000029ba0000)]
  0x000000001b743000 JavaThread "jar transforms Thread 66" [_thread_blocked, id=8676, stack(0x00000000299a0000,0x0000000029aa0000)]
  0x000000001b744000 JavaThread "jar transforms Thread 65" [_thread_blocked, id=8596, stack(0x00000000298a0000,0x00000000299a0000)]
  0x000000001b73e800 JavaThread "jar transforms Thread 64" [_thread_blocked, id=1044, stack(0x00000000297a0000,0x00000000298a0000)]
  0x000000001b741000 JavaThread "jar transforms Thread 63" [_thread_blocked, id=6384, stack(0x00000000296a0000,0x00000000297a0000)]
  0x000000001b742800 JavaThread "jar transforms Thread 62" [_thread_blocked, id=13700, stack(0x00000000295a0000,0x00000000296a0000)]
  0x000000001b741800 JavaThread "jar transforms Thread 61" [_thread_blocked, id=2340, stack(0x00000000294a0000,0x00000000295a0000)]
  0x000000001b740000 JavaThread "jar transforms Thread 60" [_thread_blocked, id=4080, stack(0x00000000293a0000,0x00000000294a0000)]
  0x000000001b73d000 JavaThread "jar transforms Thread 59" [_thread_blocked, id=14456, stack(0x00000000292a0000,0x00000000293a0000)]
  0x000000001f96b800 JavaThread "jar transforms Thread 58" [_thread_blocked, id=7400, stack(0x00000000291a0000,0x00000000292a0000)]
  0x00000000204e5000 JavaThread "jar transforms Thread 57" [_thread_blocked, id=3896, stack(0x00000000290a0000,0x00000000291a0000)]
  0x00000000204e3800 JavaThread "jar transforms Thread 56" [_thread_blocked, id=11468, stack(0x0000000028fa0000,0x00000000290a0000)]
  0x00000000204e2000 JavaThread "jar transforms Thread 55" [_thread_blocked, id=12764, stack(0x0000000028ea0000,0x0000000028fa0000)]
  0x00000000204e7000 JavaThread "jar transforms Thread 54" [_thread_blocked, id=12520, stack(0x0000000028da0000,0x0000000028ea0000)]
  0x00000000204e2800 JavaThread "jar transforms Thread 53" [_thread_blocked, id=3616, stack(0x0000000028ca0000,0x0000000028da0000)]
  0x00000000204e4000 JavaThread "jar transforms Thread 52" [_thread_blocked, id=9860, stack(0x0000000028ba0000,0x0000000028ca0000)]
  0x00000000204e6800 JavaThread "jar transforms Thread 51" [_thread_blocked, id=13780, stack(0x0000000028aa0000,0x0000000028ba0000)]
  0x00000000204e5800 JavaThread "jar transforms Thread 50" [_thread_blocked, id=11056, stack(0x00000000289a0000,0x0000000028aa0000)]
  0x00000000204da800 JavaThread "jar transforms Thread 49" [_thread_blocked, id=13656, stack(0x00000000288a0000,0x00000000289a0000)]
  0x00000000204e1000 JavaThread "jar transforms Thread 48" [_thread_blocked, id=6548, stack(0x00000000287a0000,0x00000000288a0000)]
  0x00000000204d9800 JavaThread "jar transforms Thread 47" [_thread_blocked, id=6252, stack(0x00000000286a0000,0x00000000287a0000)]
  0x00000000204e0800 JavaThread "jar transforms Thread 46" [_thread_blocked, id=5108, stack(0x00000000285a0000,0x00000000286a0000)]
  0x00000000204de000 JavaThread "jar transforms Thread 45" [_thread_blocked, id=14048, stack(0x00000000284a0000,0x00000000285a0000)]
  0x00000000204dc000 JavaThread "jar transforms Thread 44" [_thread_blocked, id=15160, stack(0x00000000283a0000,0x00000000284a0000)]
  0x00000000204df800 JavaThread "jar transforms Thread 43" [_thread_blocked, id=13096, stack(0x00000000282a0000,0x00000000283a0000)]
  0x00000000204dd800 JavaThread "jar transforms Thread 42" [_thread_blocked, id=14600, stack(0x00000000281a0000,0x00000000282a0000)]
  0x00000000204d9000 JavaThread "jar transforms Thread 41" [_thread_blocked, id=552, stack(0x00000000280a0000,0x00000000281a0000)]
  0x00000000204dc800 JavaThread "jar transforms Thread 40" [_thread_blocked, id=14580, stack(0x0000000027fa0000,0x00000000280a0000)]
  0x00000000204df000 JavaThread "jar transforms Thread 39" [_thread_blocked, id=8664, stack(0x0000000027ea0000,0x0000000027fa0000)]
  0x00000000204db000 JavaThread "jar transforms Thread 38" [_thread_blocked, id=6652, stack(0x0000000027da0000,0x0000000027ea0000)]
  0x00000000204d8000 JavaThread "jar transforms Thread 37" [_thread_blocked, id=14568, stack(0x0000000027ca0000,0x0000000027da0000)]
  0x000000002571e000 JavaThread "jar transforms Thread 36" [_thread_blocked, id=14656, stack(0x0000000027ba0000,0x0000000027ca0000)]
  0x000000002571d800 JavaThread "jar transforms Thread 35" [_thread_blocked, id=1148, stack(0x0000000027aa0000,0x0000000027ba0000)]
  0x000000002571f000 JavaThread "jar transforms Thread 34" [_thread_blocked, id=14768, stack(0x00000000279a0000,0x0000000027aa0000)]
  0x000000002571c800 JavaThread "jar transforms Thread 33" [_thread_blocked, id=14480, stack(0x00000000278a0000,0x00000000279a0000)]
  0x0000000025715000 JavaThread "jar transforms Thread 32" [_thread_blocked, id=6620, stack(0x00000000277a0000,0x00000000278a0000)]
  0x000000002571c000 JavaThread "jar transforms Thread 31" [_thread_blocked, id=14448, stack(0x00000000276a0000,0x00000000277a0000)]
  0x000000002571b000 JavaThread "jar transforms Thread 30" [_thread_blocked, id=2244, stack(0x00000000275a0000,0x00000000276a0000)]
  0x000000002571a800 JavaThread "jar transforms Thread 29" [_thread_blocked, id=7228, stack(0x00000000274a0000,0x00000000275a0000)]
  0x0000000025718000 JavaThread "jar transforms Thread 28" [_thread_blocked, id=9624, stack(0x00000000273a0000,0x00000000274a0000)]
  0x0000000025713800 JavaThread "jar transforms Thread 27" [_thread_blocked, id=9400, stack(0x00000000272a0000,0x00000000273a0000)]
  0x0000000025714800 JavaThread "jar transforms Thread 26" [_thread_blocked, id=4720, stack(0x00000000271a0000,0x00000000272a0000)]
  0x0000000025719800 JavaThread "jar transforms Thread 25" [_thread_blocked, id=12732, stack(0x00000000270a0000,0x00000000271a0000)]
  0x0000000025716000 JavaThread "jar transforms Thread 24" [_thread_blocked, id=14404, stack(0x0000000026fa0000,0x00000000270a0000)]
  0x0000000025713000 JavaThread "jar transforms Thread 23" [_thread_blocked, id=5436, stack(0x0000000026ea0000,0x0000000026fa0000)]
  0x0000000025717800 JavaThread "jar transforms Thread 22" [_thread_blocked, id=10312, stack(0x0000000026da0000,0x0000000026ea0000)]
  0x0000000025719000 JavaThread "jar transforms Thread 21" [_thread_blocked, id=4500, stack(0x0000000026ca0000,0x0000000026da0000)]
  0x000000001f971800 JavaThread "Cache worker for file content cache (C:\Users\tekke\.gradle\caches\6.5\fileContent)" [_thread_blocked, id=6204, stack(0x0000000023900000,0x0000000023a00000)]
  0x000000001f970000 JavaThread "Cache worker for execution history cache (C:\Users\tekke\.gradle\caches\6.5\executionHistory)" [_thread_blocked, id=1304, stack(0x0000000023000000,0x0000000023100000)]
  0x000000001f96c800 JavaThread "jar transforms Thread 20" [_thread_blocked, id=8236, stack(0x0000000022800000,0x0000000022900000)]
  0x000000001f968800 JavaThread "jar transforms Thread 19" [_thread_blocked, id=3052, stack(0x0000000022700000,0x0000000022800000)]
  0x000000001f967000 JavaThread "jar transforms Thread 18" [_thread_blocked, id=544, stack(0x0000000022600000,0x0000000022700000)]
  0x000000001f96d000 JavaThread "jar transforms Thread 17" [_thread_blocked, id=14400, stack(0x0000000022500000,0x0000000022600000)]
  0x000000001f968000 JavaThread "jar transforms Thread 16" [_thread_blocked, id=5560, stack(0x0000000022400000,0x0000000022500000)]
  0x000000001cd74000 JavaThread "jar transforms Thread 15" [_thread_blocked, id=2604, stack(0x0000000022300000,0x0000000022400000)]
  0x000000001cd74800 JavaThread "jar transforms Thread 14" [_thread_blocked, id=15240, stack(0x0000000022100000,0x0000000022200000)]
  0x000000001cd73000 JavaThread "jar transforms Thread 13" [_thread_blocked, id=13500, stack(0x0000000022000000,0x0000000022100000)]
  0x000000001cd72800 JavaThread "jar transforms Thread 12" [_thread_blocked, id=14812, stack(0x0000000021f00000,0x0000000022000000)]
  0x000000001cd71800 JavaThread "jar transforms Thread 11" [_thread_blocked, id=8536, stack(0x0000000021e00000,0x0000000021f00000)]
  0x000000001cd71000 JavaThread "jar transforms Thread 10" [_thread_blocked, id=14012, stack(0x0000000021d00000,0x0000000021e00000)]
  0x000000001cd70000 JavaThread "jar transforms Thread 9" [_thread_blocked, id=14800, stack(0x0000000021c00000,0x0000000021d00000)]
  0x000000001cd6f000 JavaThread "jar transforms Thread 8" [_thread_blocked, id=13028, stack(0x0000000021b00000,0x0000000021c00000)]
  0x000000001cd76000 JavaThread "jar transforms Thread 7" [_thread_blocked, id=6176, stack(0x0000000021a00000,0x0000000021b00000)]
  0x000000001cd75800 JavaThread "jar transforms Thread 6" [_thread_blocked, id=15088, stack(0x0000000021900000,0x0000000021a00000)]
  0x000000001a322800 JavaThread "jar transforms Thread 5" [_thread_blocked, id=7784, stack(0x0000000021800000,0x0000000021900000)]
  0x000000001a31f800 JavaThread "jar transforms Thread 4" [_thread_blocked, id=15292, stack(0x0000000021700000,0x0000000021800000)]
  0x000000001a31e800 JavaThread "jar transforms Thread 3" [_thread_blocked, id=6352, stack(0x0000000021600000,0x0000000021700000)]
  0x000000001a325800 JavaThread "jar transforms Thread 2" [_thread_blocked, id=14588, stack(0x0000000021500000,0x0000000021600000)]
  0x000000001a323000 JavaThread "jar transforms" [_thread_blocked, id=15352, stack(0x0000000021400000,0x0000000021500000)]
  0x000000001a321000 JavaThread "Cache worker for file hash cache (C:\Users\tekke\.gradle\caches\6.5\fileHashes)" [_thread_blocked, id=10188, stack(0x000000001edb0000,0x000000001eeb0000)]
  0x000000001a324000 JavaThread "File lock request listener" [_thread_in_native, id=15076, stack(0x000000001ecb0000,0x000000001edb0000)]
  0x000000001d123800 JavaThread "Cache worker for journal cache (C:\Users\tekke\.gradle\caches\journal-1)" [_thread_blocked, id=15232, stack(0x000000001ebb0000,0x000000001ecb0000)]
  0x000000001b355000 JavaThread "Daemon worker" [_thread_blocked, id=8628, stack(0x000000001e5b0000,0x000000001e6b0000)]
  0x000000001b147800 JavaThread "Daemon" [_thread_blocked, id=11096, stack(0x000000001e2b0000,0x000000001e3b0000)]
  0x000000001ce9c800 JavaThread "Daemon periodic checks" [_thread_blocked, id=14408, stack(0x000000001dfb0000,0x000000001e0b0000)]
  0x000000001ce9a800 JavaThread "Incoming local TCP Connector on port 9914" [_thread_in_native, id=11732, stack(0x000000001ddd0000,0x000000001ded0000)]
  0x000000001cdb9800 JavaThread "Daemon health stats" [_thread_blocked, id=6964, stack(0x000000001dab0000,0x000000001dbb0000)]
  0x000000001a3bd800 JavaThread "Service Thread" daemon [_thread_blocked, id=9332, stack(0x000000001af10000,0x000000001b010000)]
  0x000000001a320000 JavaThread "C1 CompilerThread3" daemon [_thread_blocked, id=8036, stack(0x000000001ae10000,0x000000001af10000)]
  0x000000001a321800 JavaThread "C2 CompilerThread2" daemon [_thread_in_native, id=4972, stack(0x000000001ad10000,0x000000001ae10000)]
=>0x000000001a312000 JavaThread "C2 CompilerThread1" daemon [_thread_in_native, id=672, stack(0x000000001ac10000,0x000000001ad10000)]
  0x00000000184a9800 JavaThread "C2 CompilerThread0" daemon [_thread_in_native, id=13004, stack(0x000000001ab10000,0x000000001ac10000)]
  0x000000001a30f800 JavaThread "Attach Listener" daemon [_thread_blocked, id=10136, stack(0x000000001aa10000,0x000000001ab10000)]
  0x000000001a2bd000 JavaThread "Signal Dispatcher" daemon [_thread_blocked, id=3620, stack(0x000000001a910000,0x000000001aa10000)]
  0x000000001a2a0800 JavaThread "Finalizer" daemon [_thread_blocked, id=11368, stack(0x000000001a780000,0x000000001a880000)]
  0x0000000003427800 JavaThread "Reference Handler" daemon [_thread_blocked, id=6276, stack(0x000000001a680000,0x000000001a780000)]
  0x0000000002e8d800 JavaThread "main" [_thread_blocked, id=9300, stack(0x0000000003230000,0x0000000003330000)]

Other Threads:
  0x0000000018498000 VMThread [stack: 0x000000001a180000,0x000000001a280000] [id=7140]
  0x000000001a372800 WatcherThread [stack: 0x000000001b010000,0x000000001b110000] [id=4256]

VM state:not at safepoint (normal execution)

VM Mutex/Monitor currently owned by a thread: None

heap address: 0x0000000080000000, size: 2048 MB, Compressed Oops mode: 32-bit
Narrow klass base: 0x0000000000000000, Narrow klass shift: 3
Compressed class space size: 1073741824 Address: 0x0000000100000000

Heap:
 PSYoungGen      total 631808K, used 198986K [0x00000000d5580000, 0x0000000100000000, 0x0000000100000000)
  eden space 578048K, 25% used [0x00000000d5580000,0x00000000de7f9310,0x00000000f8a00000)
  from space 53760K, 91% used [0x00000000fca00000,0x00000000ff9d9680,0x00000000ffe80000)
  to   space 60416K, 0% used [0x00000000f8a00000,0x00000000f8a00000,0x00000000fc500000)
 ParOldGen       total 291840K, used 105910K [0x0000000080000000, 0x0000000091d00000, 0x00000000d5580000)
  object space 291840K, 36% used [0x0000000080000000,0x000000008676db98,0x0000000091d00000)
 Metaspace       used 109950K, capacity 116196K, committed 116480K, reserved 1150976K
  class space    used 14299K, capacity 15500K, committed 15616K, reserved 1048576K

Card table byte_map: [0x00000000127f0000,0x0000000012c00000] byte_map_base: 0x00000000123f0000

Marking Bits: (ParMarkBitMap*) 0x000000005829f030
 Begin Bits: [0x00000000136b0000, 0x00000000156b0000)
 End Bits:   [0x00000000156b0000, 0x00000000176b0000)

Polling page: 0x0000000001670000

CodeCache: size=245760Kb used=62661Kb max_used=62662Kb free=183098Kb
 bounds [0x0000000003430000, 0x00000000071b0000, 0x0000000012430000]
 total_blobs=18635 nmethods=17596 adapters=950
 compilation: enabled

Compilation events (10 events):
Event: 126.072 Thread 0x000000001a320000 21960       3       kotlin.sequences.FilteringSequence$iterator$1::calcNext (71 bytes)
Event: 126.073 Thread 0x000000001a320000 nmethod 21960 0x0000000007117210 code [0x00000000071173c0, 0x0000000007117a48]
Event: 126.073 Thread 0x000000001a320000 21961       3       java.util.concurrent.atomic.AtomicReference::<init> (10 bytes)
Event: 126.074 Thread 0x000000001a320000 nmethod 21961 0x0000000007116e50 code [0x0000000007116fa0, 0x0000000007117170]
Event: 126.074 Thread 0x000000001a312000 nmethod 21958 0x00000000071a8890 code [0x00000000071a89e0, 0x00000000071a8cf8]
Event: 126.074 Thread 0x000000001a312000 21959       4       java.util.EnumMap$EnumMapIterator::hasNext (64 bytes)
Event: 126.077 Thread 0x000000001a312000 nmethod 21959 0x00000000071a8510 code [0x00000000071a8660, 0x00000000071a8758]
Event: 126.077 Thread 0x000000001a312000 21962       4       com.android.builder.packaging.JarMerger::write (51 bytes)
Event: 126.081 Thread 0x000000001a320000 21963       3       org.gradle.internal.execution.steps.SkipUpToDateStep::logExecutionReasons (104 bytes)
Event: 126.082 Thread 0x000000001a320000 nmethod 21963 0x00000000071aa910 code [0x00000000071aac40, 0x00000000071ac708]

GC Heap History (10 events):
Event: 101.988 GC heap before
{Heap before GC invocations=30 (full 4):
 PSYoungGen      total 528384K, used 490511K [0x00000000d5580000, 0x00000000fe900000, 0x0000000100000000)
  eden space 468480K, 100% used [0x00000000d5580000,0x00000000f1f00000,0x00000000f1f00000)
  from space 59904K, 36% used [0x00000000f1f00000,0x00000000f3483ce8,0x00000000f5980000)
  to   space 57344K, 0% used [0x00000000fb100000,0x00000000fb100000,0x00000000fe900000)
 ParOldGen       total 291840K, used 90133K [0x0000000080000000, 0x0000000091d00000, 0x00000000d5580000)
  object space 291840K, 30% used [0x0000000080000000,0x0000000085805568,0x0000000091d00000)
 Metaspace       used 108126K, capacity 114316K, committed 114432K, reserved 1148928K
  class space    used 14143K, capacity 15290K, committed 15360K, reserved 1048576K
Event: 102.034 GC heap after
Heap after GC invocations=30 (full 4):
 PSYoungGen      total 618496K, used 13126K [0x00000000d5580000, 0x00000000fe980000, 0x0000000100000000)
  eden space 561152K, 0% used [0x00000000d5580000,0x00000000d5580000,0x00000000f7980000)
  from space 57344K, 22% used [0x00000000fb100000,0x00000000fbdd1998,0x00000000fe900000)
  to   space 56832K, 0% used [0x00000000f7980000,0x00000000f7980000,0x00000000fb100000)
 ParOldGen       total 291840K, used 103081K [0x0000000080000000, 0x0000000091d00000, 0x00000000d5580000)
  object space 291840K, 35% used [0x0000000080000000,0x00000000864aa480,0x0000000091d00000)
 Metaspace       used 108126K, capacity 114316K, committed 114432K, reserved 1148928K
  class space    used 14143K, capacity 15290K, committed 15360K, reserved 1048576K
}
Event: 103.113 GC heap before
{Heap before GC invocations=31 (full 4):
 PSYoungGen      total 618496K, used 574278K [0x00000000d5580000, 0x00000000fe980000, 0x0000000100000000)
  eden space 561152K, 100% used [0x00000000d5580000,0x00000000f7980000,0x00000000f7980000)
  from space 57344K, 22% used [0x00000000fb100000,0x00000000fbdd1998,0x00000000fe900000)
  to   space 56832K, 0% used [0x00000000f7980000,0x00000000f7980000,0x00000000fb100000)
 ParOldGen       total 291840K, used 103081K [0x0000000080000000, 0x0000000091d00000, 0x00000000d5580000)
  object space 291840K, 35% used [0x0000000080000000,0x00000000864aa480,0x0000000091d00000)
 Metaspace       used 108208K, capacity 114402K, committed 114688K, reserved 1148928K
  class space    used 14144K, capacity 15291K, committed 15360K, reserved 1048576K
Event: 103.137 GC heap after
Heap after GC invocations=31 (full 4):
 PSYoungGen      total 617984K, used 18721K [0x00000000d5580000, 0x00000000ffb80000, 0x0000000100000000)
  eden space 561152K, 0% used [0x00000000d5580000,0x00000000d5580000,0x00000000f7980000)
  from space 56832K, 32% used [0x00000000f7980000,0x00000000f8bc84e8,0x00000000fb100000)
  to   space 54784K, 0% used [0x00000000fc600000,0x00000000fc600000,0x00000000ffb80000)
 ParOldGen       total 291840K, used 103825K [0x0000000080000000, 0x0000000091d00000, 0x00000000d5580000)
  object space 291840K, 35% used [0x0000000080000000,0x00000000865644d0,0x0000000091d00000)
 Metaspace       used 108208K, capacity 114402K, committed 114688K, reserved 1148928K
  class space    used 14144K, capacity 15291K, committed 15360K, reserved 1048576K
}
Event: 105.379 GC heap before
{Heap before GC invocations=32 (full 4):
 PSYoungGen      total 617984K, used 579873K [0x00000000d5580000, 0x00000000ffb80000, 0x0000000100000000)
  eden space 561152K, 100% used [0x00000000d5580000,0x00000000f7980000,0x00000000f7980000)
  from space 56832K, 32% used [0x00000000f7980000,0x00000000f8bc84e8,0x00000000fb100000)
  to   space 54784K, 0% used [0x00000000fc600000,0x00000000fc600000,0x00000000ffb80000)
 ParOldGen       total 291840K, used 103825K [0x0000000080000000, 0x0000000091d00000, 0x00000000d5580000)
  object space 291840K, 35% used [0x0000000080000000,0x00000000865644d0,0x0000000091d00000)
 Metaspace       used 108231K, capacity 114402K, committed 114688K, reserved 1148928K
  class space    used 14144K, capacity 15291K, committed 15360K, reserved 1048576K
Event: 105.392 GC heap after
Heap after GC invocations=32 (full 4):
 PSYoungGen      total 640000K, used 10744K [0x00000000d5580000, 0x00000000ffd00000, 0x0000000100000000)
  eden space 585216K, 0% used [0x00000000d5580000,0x00000000d5580000,0x00000000f9100000)
  from space 54784K, 19% used [0x00000000fc600000,0x00000000fd07e158,0x00000000ffb80000)
  to   space 54272K, 0% used [0x00000000f9100000,0x00000000f9100000,0x00000000fc600000)
 ParOldGen       total 291840K, used 104737K [0x0000000080000000, 0x0000000091d00000, 0x00000000d5580000)
  object space 291840K, 35% used [0x0000000080000000,0x00000000866484f0,0x0000000091d00000)
 Metaspace       used 108231K, capacity 114402K, committed 114688K, reserved 1148928K
  class space    used 14144K, capacity 15291K, committed 15360K, reserved 1048576K
}
Event: 108.215 GC heap before
{Heap before GC invocations=33 (full 4):
 PSYoungGen      total 640000K, used 595960K [0x00000000d5580000, 0x00000000ffd00000, 0x0000000100000000)
  eden space 585216K, 100% used [0x00000000d5580000,0x00000000f9100000,0x00000000f9100000)
  from space 54784K, 19% used [0x00000000fc600000,0x00000000fd07e158,0x00000000ffb80000)
  to   space 54272K, 0% used [0x00000000f9100000,0x00000000f9100000,0x00000000fc600000)
 ParOldGen       total 291840K, used 104737K [0x0000000080000000, 0x0000000091d00000, 0x00000000d5580000)
  object space 291840K, 35% used [0x0000000080000000,0x00000000866484f0,0x0000000091d00000)
 Metaspace       used 108270K, capacity 114484K, committed 114688K, reserved 1148928K
  class space    used 14144K, capacity 15292K, committed 15360K, reserved 1048576K
Event: 108.230 GC heap after
Heap after GC invocations=33 (full 4):
 PSYoungGen      total 639488K, used 8736K [0x00000000d5580000, 0x00000000ffe80000, 0x0000000100000000)
  eden space 585216K, 0% used [0x00000000d5580000,0x00000000d5580000,0x00000000f9100000)
  from space 54272K, 16% used [0x00000000f9100000,0x00000000f99883d0,0x00000000fc600000)
  to   space 53760K, 0% used [0x00000000fca00000,0x00000000fca00000,0x00000000ffe80000)
 ParOldGen       total 291840K, used 105405K [0x0000000080000000, 0x0000000091d00000, 0x00000000d5580000)
  object space 291840K, 36% used [0x0000000080000000,0x00000000866ef7f0,0x0000000091d00000)
 Metaspace       used 108270K, capacity 114484K, committed 114688K, reserved 1148928K
  class space    used 14144K, capacity 15292K, committed 15360K, reserved 1048576K
}
Event: 112.435 GC heap before
{Heap before GC invocations=34 (full 4):
 PSYoungGen      total 639488K, used 593719K [0x00000000d5580000, 0x00000000ffe80000, 0x0000000100000000)
  eden space 585216K, 99% used [0x00000000d5580000,0x00000000f90c5a40,0x00000000f9100000)
  from space 54272K, 16% used [0x00000000f9100000,0x00000000f99883d0,0x00000000fc600000)
  to   space 53760K, 0% used [0x00000000fca00000,0x00000000fca00000,0x00000000ffe80000)
 ParOldGen       total 291840K, used 105405K [0x0000000080000000, 0x0000000091d00000, 0x00000000d5580000)
  object space 291840K, 36% used [0x0000000080000000,0x00000000866ef7f0,0x0000000091d00000)
 Metaspace       used 108914K, capacity 115200K, committed 115328K, reserved 1148928K
  class space    used 14209K, capacity 15382K, committed 15488K, reserved 1048576K
Event: 112.566 GC heap after
Heap after GC invocations=34 (full 4):
 PSYoungGen      total 631808K, used 48997K [0x00000000d5580000, 0x0000000100000000, 0x0000000100000000)
  eden space 578048K, 0% used [0x00000000d5580000,0x00000000d5580000,0x00000000f8a00000)
  from space 53760K, 91% used [0x00000000fca00000,0x00000000ff9d9680,0x00000000ffe80000)
  to   space 60416K, 0% used [0x00000000f8a00000,0x00000000f8a00000,0x00000000fc500000)
 ParOldGen       total 291840K, used 105910K [0x0000000080000000, 0x0000000091d00000, 0x00000000d5580000)
  object space 291840K, 36% used [0x0000000080000000,0x000000008676db98,0x0000000091d00000)
 Metaspace       used 108914K, capacity 115200K, committed 115328K, reserved 1148928K
  class space    used 14209K, capacity 15382K, committed 15488K, reserved 1048576K
}

Deoptimization events (10 events):
Event: 125.575 Thread 0x000000001d427800 Uncommon trap: reason=unstable_if action=reinterpret pc=0x00000000053bffec method=org.objectweb.asm.MethodWriter.visitInsn(I)V @ 32
Event: 125.575 Thread 0x000000001d427800 Uncommon trap: reason=unstable_if action=reinterpret pc=0x0000000004163a38 method=org.objectweb.asm.MethodWriter.visitMaxs(II)V @ 35
Event: 125.580 Thread 0x000000001d427800 Uncommon trap: reason=bimorphic action=maybe_recompile pc=0x00000000063361ac method=com.google.common.base.CharMatcher.indexIn(Ljava/lang/CharSequence;I)I @ 31
Event: 125.580 Thread 0x000000001d427800 Uncommon trap: reason=bimorphic action=maybe_recompile pc=0x00000000063361ac method=com.google.common.base.CharMatcher.indexIn(Ljava/lang/CharSequence;I)I @ 31
Event: 125.580 Thread 0x000000001d427800 Uncommon trap: reason=bimorphic action=maybe_recompile pc=0x00000000063361ac method=com.google.common.base.CharMatcher.indexIn(Ljava/lang/CharSequence;I)I @ 31
Event: 125.580 Thread 0x000000001d427800 Uncommon trap: reason=bimorphic action=maybe_recompile pc=0x00000000063361ac method=com.google.common.base.CharMatcher.indexIn(Ljava/lang/CharSequence;I)I @ 31
Event: 125.583 Thread 0x000000001d427800 Uncommon trap: reason=unstable_if action=reinterpret pc=0x000000000398e654 method=org.objectweb.asm.MethodWriter.visitLdcInsn(Ljava/lang/Object;)V @ 144
Event: 125.884 Thread 0x000000001b355000 Uncommon trap: reason=unstable_if action=reinterpret pc=0x0000000005d805e8 method=java.nio.file.FileTreeWalker.getAttributes(Ljava/nio/file/Path;Z)Ljava/nio/file/attribute/BasicFileAttributes; @ 35
Event: 125.897 Thread 0x000000001b355000 Uncommon trap: reason=unstable_if action=reinterpret pc=0x0000000003ad1e58 method=org.gradle.api.internal.attributes.DefaultImmutableAttributes.equals(Ljava/lang/Object;)Z @ 2
Event: 126.058 Thread 0x000000001a321000 Uncommon trap: reason=unstable_if action=reinterpret pc=0x00000000051b33dc method=java.math.BigInteger.makePositive([B)[I @ 33

Classes redefined (0 events):
No events

Internal exceptions (10 events):
Event: 125.912 Thread 0x000000001d52c800 Exception <a 'sun/nio/fs/WindowsException'> (0x00000000d9fcb090) thrown at [C:\src\AOSP-openjdk-git\hotspot\src\share\vm\prims\jni.cpp, line 710]
Event: 125.912 Thread 0x000000001b355000 Exception <a 'sun/nio/fs/WindowsException'> (0x00000000da913bc0) thrown at [C:\src\AOSP-openjdk-git\hotspot\src\share\vm\prims\jni.cpp, line 710]
Event: 125.912 Thread 0x000000001d52d800 Exception <a 'sun/nio/fs/WindowsException'> (0x00000000d9f90cd8) thrown at [C:\src\AOSP-openjdk-git\hotspot\src\share\vm\prims\jni.cpp, line 710]
Event: 125.914 Thread 0x000000001d528000 Exception <a 'sun/nio/fs/WindowsException'> (0x00000000d96d5ab0) thrown at [C:\src\AOSP-openjdk-git\hotspot\src\share\vm\prims\jni.cpp, line 710]
Event: 125.914 Thread 0x000000001d52c000 Exception <a 'sun/nio/fs/WindowsException'> (0x00000000d7973710) thrown at [C:\src\AOSP-openjdk-git\hotspot\src\share\vm\prims\jni.cpp, line 710]
Event: 125.916 Thread 0x000000001d52a800 Exception <a 'sun/nio/fs/WindowsException'> (0x00000000d7f7f678) thrown at [C:\src\AOSP-openjdk-git\hotspot\src\share\vm\prims\jni.cpp, line 710]
Event: 125.916 Thread 0x000000001d529000 Exception <a 'sun/nio/fs/WindowsException'> (0x00000000da0fbe80) thrown at [C:\src\AOSP-openjdk-git\hotspot\src\share\vm\prims\jni.cpp, line 710]
Event: 126.008 Thread 0x000000001d528000 Exception <a 'sun/nio/fs/WindowsException'> (0x00000000dd825ef8) thrown at [C:\src\AOSP-openjdk-git\hotspot\src\share\vm\prims\jni.cpp, line 710]
Event: 126.069 Thread 0x000000001d528000 Exception <a 'sun/nio/fs/WindowsException'> (0x00000000dd8c94e0) thrown at [C:\src\AOSP-openjdk-git\hotspot\src\share\vm\prims\jni.cpp, line 710]
Event: 126.085 Thread 0x000000001d52c800 Exception <a 'sun/nio/fs/WindowsException'> (0x00000000de2c6b88) thrown at [C:\src\AOSP-openjdk-git\hotspot\src\share\vm\prims\jni.cpp, line 710]

Events (10 events):
Event: 125.918 loading class com/android/ide/common/symbols/SymbolTableKt$sam$com_google_common_base_Supplier$0 done
Event: 125.919 loading class com/android/ide/common/symbols/SymbolTableBuilder$WhenMappings
Event: 125.919 loading class com/android/ide/common/symbols/SymbolTableBuilder$WhenMappings done
Event: 125.921 loading class com/google/common/collect/AbstractTable$CellSet
Event: 125.921 loading class com/google/common/collect/AbstractTable$CellSet done
Event: 125.922 loading class com/google/common/collect/StandardTable$CellIterator
Event: 125.922 loading class com/google/common/collect/StandardTable$CellIterator done
Event: 126.058 Thread 0x000000001a321000 Uncommon trap: trap_request=0xffffff65 fr.pc=0x00000000051b33dc
Event: 126.058 Thread 0x000000001a321000 DEOPT PACKING pc=0x00000000051b33dc sp=0x000000001eeaea50
Event: 126.058 Thread 0x000000001a321000 DEOPT UNPACKING pc=0x000000000347557b sp=0x000000001eeae978 mode 2


Dynamic libraries:
0x00007ff7aa7e0000 - 0x00007ff7aa811000 	D:\android\jre\bin\java.exe
0x00007ffcdec90000 - 0x00007ffcdee85000 	C:\WINDOWS\SYSTEM32\ntdll.dll
0x00007ffcdd060000 - 0x00007ffcdd11d000 	C:\WINDOWS\System32\KERNEL32.DLL
0x00007ffcdc600000 - 0x00007ffcdc8c9000 	C:\WINDOWS\System32\KERNELBASE.dll
0x00007ffcd9d90000 - 0x00007ffcd9e20000 	C:\WINDOWS\SYSTEM32\apphelp.dll
0x00007ffcdeba0000 - 0x00007ffcdec4c000 	C:\WINDOWS\System32\ADVAPI32.dll
0x00007ffcdd1d0000 - 0x00007ffcdd26e000 	C:\WINDOWS\System32\msvcrt.dll
0x00007ffcdd690000 - 0x00007ffcdd72c000 	C:\WINDOWS\System32\sechost.dll
0x00007ffcdd560000 - 0x00007ffcdd68b000 	C:\WINDOWS\System32\RPCRT4.dll
0x00007ffcde230000 - 0x00007ffcde3d0000 	C:\WINDOWS\System32\USER32.dll
0x00007ffcdca50000 - 0x00007ffcdca72000 	C:\WINDOWS\System32\win32u.dll
0x00007ffcdd790000 - 0x00007ffcdd7ba000 	C:\WINDOWS\System32\GDI32.dll
0x00007ffcdcb80000 - 0x00007ffcdcc8b000 	C:\WINDOWS\System32\gdi32full.dll
0x00007ffcdc530000 - 0x00007ffcdc5cd000 	C:\WINDOWS\System32\msvcp_win.dll
0x00007ffcdca80000 - 0x00007ffcdcb80000 	C:\WINDOWS\System32\ucrtbase.dll
0x00007ffcc62f0000 - 0x00007ffcc658a000 	C:\WINDOWS\WinSxS\amd64_microsoft.windows.common-controls_6595b64144ccf1df_6.0.19041.844_none_ca00b6081b84eb1d\COMCTL32.dll
0x00007ffcdde10000 - 0x00007ffcdde40000 	C:\WINDOWS\System32\IMM32.DLL
0x0000000059ba0000 - 0x0000000059c72000 	D:\android\jre\jre\bin\msvcr100.dll
0x0000000057ad0000 - 0x000000005831b000 	D:\android\jre\jre\bin\server\jvm.dll
0x00007ffcddea0000 - 0x00007ffcddea8000 	C:\WINDOWS\System32\PSAPI.DLL
0x00007ffcd2880000 - 0x00007ffcd28a7000 	C:\WINDOWS\SYSTEM32\WINMM.dll
0x00007ffcd81b0000 - 0x00007ffcd81b9000 	C:\WINDOWS\SYSTEM32\WSOCK32.dll
0x00007ffcd6360000 - 0x00007ffcd636a000 	C:\WINDOWS\SYSTEM32\VERSION.dll
0x00007ffcddc90000 - 0x00007ffcddcfb000 	C:\WINDOWS\System32\WS2_32.dll
0x00007ffcd81a0000 - 0x00007ffcd81af000 	D:\android\jre\jre\bin\verify.dll
0x00007ffcc2790000 - 0x00007ffcc27b9000 	D:\android\jre\jre\bin\java.dll
0x00007ffcd38a0000 - 0x00007ffcd38b6000 	D:\android\jre\jre\bin\zip.dll
0x00007ffcde450000 - 0x00007ffcdeb92000 	C:\WINDOWS\System32\SHELL32.dll
0x00007ffcda550000 - 0x00007ffcdace0000 	C:\WINDOWS\SYSTEM32\windows.storage.dll
0x00007ffcdcd00000 - 0x00007ffcdd055000 	C:\WINDOWS\System32\combase.dll
0x00007ffcdbd70000 - 0x00007ffcdbd9c000 	C:\WINDOWS\SYSTEM32\Wldp.dll
0x00007ffcdd120000 - 0x00007ffcdd1ce000 	C:\WINDOWS\System32\SHCORE.dll
0x00007ffcdd730000 - 0x00007ffcdd785000 	C:\WINDOWS\System32\shlwapi.dll
0x00007ffcdc310000 - 0x00007ffcdc32f000 	C:\WINDOWS\SYSTEM32\profapi.dll
0x00007ffcc3b90000 - 0x00007ffcc3baa000 	D:\android\jre\jre\bin\net.dll
0x00007ffcdbaf0000 - 0x00007ffcdbb5a000 	C:\WINDOWS\system32\mswsock.dll
0x00007ffcc2f90000 - 0x00007ffcc2fa3000 	D:\android\jre\jre\bin\nio.dll
0x00007ffcbf7b0000 - 0x00007ffcbf7d7000 	C:\Users\tekke\.gradle\native\f6784746aeab05261644944871eae4fe03e0ef1612fff0a4a95f87b438bc6780\windows-amd64\native-platform.dll
0x00007ffcd3de0000 - 0x00007ffcd3ded000 	D:\android\jre\jre\bin\management.dll
0x00007ffcdbcc0000 - 0x00007ffcdbcd8000 	C:\WINDOWS\SYSTEM32\CRYPTSP.dll
0x00007ffcdb490000 - 0x00007ffcdb4c4000 	C:\WINDOWS\system32\rsaenh.dll
0x00007ffcdc5d0000 - 0x00007ffcdc5f7000 	C:\WINDOWS\System32\bcrypt.dll
0x00007ffcdc2d0000 - 0x00007ffcdc2fe000 	C:\WINDOWS\SYSTEM32\USERENV.dll
0x00007ffcdc9d0000 - 0x00007ffcdca50000 	C:\WINDOWS\System32\bcryptprimitives.dll
0x00007ffcdbce0000 - 0x00007ffcdbcec000 	C:\WINDOWS\SYSTEM32\CRYPTBASE.dll
0x00007ffcdb7e0000 - 0x00007ffcdb81b000 	C:\WINDOWS\SYSTEM32\IPHLPAPI.DLL
0x00007ffcdccf0000 - 0x00007ffcdccf8000 	C:\WINDOWS\System32\NSI.dll
0x00007ffcd71a0000 - 0x00007ffcd71b7000 	C:\WINDOWS\SYSTEM32\dhcpcsvc6.DLL
0x00007ffcd7180000 - 0x00007ffcd719d000 	C:\WINDOWS\SYSTEM32\dhcpcsvc.DLL
0x00007ffcdb820000 - 0x00007ffcdb8eb000 	C:\WINDOWS\SYSTEM32\DNSAPI.dll
0x00007ffcd71c0000 - 0x00007ffcd71cb000 	C:\WINDOWS\SYSTEM32\WINNSI.DLL
0x00007ffcdb120000 - 0x00007ffcdb153000 	C:\WINDOWS\SYSTEM32\ntmarta.dll
0x00007ffcc0ca0000 - 0x00007ffcc0cc4000 	D:\android\jre\jre\bin\sunec.dll
0x00007ffcd5880000 - 0x00007ffcd588a000 	C:\Windows\System32\rasadhlp.dll
0x00007ffcd5510000 - 0x00007ffcd558f000 	C:\WINDOWS\System32\fwpuclnt.dll
0x00007ffcce7d0000 - 0x00007ffcce7db000 	D:\android\jre\jre\bin\sunmscapi.dll
0x00007ffcdc3d0000 - 0x00007ffcdc52f000 	C:\WINDOWS\System32\CRYPT32.dll
0x00007ffcb2d30000 - 0x00007ffcb2ecc000 	D:\android\jre\jre\bin\awt.dll
0x00007ffcde160000 - 0x00007ffcde22d000 	C:\WINDOWS\System32\OLEAUT32.dll
0x00007ffcda170000 - 0x00007ffcda19f000 	C:\WINDOWS\SYSTEM32\dwmapi.dll
0x00007ffcd8aa0000 - 0x00007ffcd9060000 	C:\WINDOWS\SYSTEM32\d2d1.dll
0x00007ffcd9e90000 - 0x00007ffcd9f2e000 	C:\WINDOWS\system32\uxtheme.dll

VM Arguments:
jvm_args: -Xmx2048m -Dfile.encoding=x-windows-949 -Duser.country=KR -Duser.language=ko -Duser.variant 
java_command: org.gradle.launcher.daemon.bootstrap.GradleDaemon 6.5
java_class_path (initial): C:\Users\tekke\.gradle\wrapper\dists\gradle-6.5-bin\6nifqtx7604sqp1q6g8wikw7p\gradle-6.5\lib\gradle-launcher-6.5.jar
Launcher Type: SUN_STANDARD

Environment Variables:
JAVA_HOME=C:\Program Files\Java\jdk-14.0.2
PATH=C:\Program Files\Java\jdk-14.0.2\bin;C:\Program Files (x86)\Common Files\Oracle\Java\javapath;C:\Program Files (x86)\NAT Service;C:\WINDOWS\system32;C:\WINDOWS;C:\WINDOWS\System32\Wbem;C:\WINDOWS\System32\WindowsPowerShell\v1.0\;C:\WINDOWS\System32\OpenSSH\;C:\Users\tekke\.dnx\bin;C:\Program Files\Microsoft DNX\Dnvm\;C:\Program Files\Microsoft SQL Server\130\Tools\Binn\;D:\Git\cmd;C:\Program Files (x86)\NVIDIA Corporation\PhysX\Common;C:\Program Files\MongoDB\Server\4.4\bin;C:\Users\tekke\AppData\Local\Microsoft\WindowsApps;D:\Microsoft VS Code\bin
USERNAME=tekke
OS=Windows_NT
PROCESSOR_IDENTIFIER=Intel64 Family 6 Model 42 Stepping 7, GenuineIntel



---------------  S Y S T E M  ---------------

OS: Windows 10.0 , 64 bit Build 19041 (10.0.19041.804)

CPU:total 8 (initial active 8) (4 cores per cpu, 2 threads per core) family 6 model 42 stepping 7, cmov, cx8, fxsr, mmx, sse, sse2, sse3, ssse3, sse4.1, sse4.2, popcnt, avx, aes, clmul, ht, tsc, tscinvbit

Memory: 4k page, physical 12562916k(3802508k free), swap 15050212k(4632k free)

vm_info: OpenJDK 64-Bit Server VM (25.242-b01) for windows-amd64 JRE (1.8.0_242-release-1644-b01), built by "builder" with MS VC++ 10.0 (VS2010)

time: Sat Apr 24 21:04:14 2021
timezone: 대한민국 표준시
elapsed time: 126 seconds (0d 0h 2m 6s)

